<?xml version="1.0" encoding="UTF-8" ?>
<testsuite tests="12" failures="0" name="com.bcorpse.TestHelloOptional" time="0.128" errors="0" skipped="0">
  <properties>
[...]
</properties>
  <testcase classname="com.bcorpse.TestHelloOptional" name="map_with_nulls_test" time="0.099"/>
  <testcase classname="com.bcorpse.TestHelloOptional" name="optional_or_else_throw_test" time="0.002"/>
  <testcase classname="com.bcorpse.TestHelloOptional" name="optional_flat_map_test" time="0.002"/>
  <testcase classname="com.bcorpse.TestHelloOptional" name="optional_of_nullable_with_null_test" time="0.001"/>
  <testcase classname="com.bcorpse.TestHelloOptional" name="optional_filter_test" time="0.002"/>
  <testcase classname="com.bcorpse.TestHelloOptional" name="optional_map_substring_test" time="0.001"/>
  <testcase classname="com.bcorpse.TestHelloOptional" name="collect_optional_with_default_values_test" time="0.005"/>
  <testcase classname="com.bcorpse.TestHelloOptional" name="collect_optional_values_test" time="0.002"/>
  <testcase classname="com.bcorpse.TestHelloOptional" name="optional_map_test" time="0.004"/>
  <testcase classname="com.bcorpse.TestHelloOptional" name="optional_of_with_null_test" time="0"/>
  <testcase classname="com.bcorpse.TestHelloOptional" name="optional_is_present_add_to_list_without_get_test" time="0.009"/>
  <testcase classname="com.bcorpse.TestHelloOptional" name="optional_or_else_and_or_else_get_test" time="0.001"/>
</testsuite>